[2026-01-14 22:43:25] --- Manual Cleanup Started ---
[2026-01-14 22:43:25] Removed UV Layer 'BT_Bake_Temp_UV' from Object 'JunkObj'
[2026-01-14 22:43:25] Removed Protection Image 'BT_Protection_Dummy'
[2026-01-14 22:43:25] Summary: 1 Layers, 0 Nodes, 1 Images cleaned.
[2026-01-14 22:43:25] --- Cleanup Finished ---
[2026-01-14 22:43:26] --- Manual Cleanup Started ---
[2026-01-14 22:43:26] Summary: 0 Layers, 0 Nodes, 0 Images cleaned.
[2026-01-14 22:43:26] --- Cleanup Finished ---
[2026-01-14 22:43:31] --- Manual Cleanup Started ---
[2026-01-14 22:43:31] Removed UV Layer 'BT_Bake_Temp_UV' from Object 'JunkObj'
[2026-01-14 22:43:31] Removed Protection Image 'BT_Protection_Dummy'
[2026-01-14 22:43:31] Summary: 1 Layers, 0 Nodes, 1 Images cleaned.
[2026-01-14 22:43:31] --- Cleanup Finished ---
[2026-01-14 22:43:31] --- Manual Cleanup Started ---
[2026-01-14 22:43:31] Summary: 0 Layers, 0 Nodes, 0 Images cleaned.
[2026-01-14 22:43:31] --- Cleanup Finished ---
[2026-01-14 22:43:33] --- Manual Cleanup Started ---
[2026-01-14 22:43:33] Removed UV Layer 'BT_Bake_Temp_UV' from Object 'JunkObj'
[2026-01-14 22:43:33] Removed Protection Image 'BT_Protection_Dummy'
[2026-01-14 22:43:33] Summary: 1 Layers, 0 Nodes, 1 Images cleaned.
[2026-01-14 22:43:33] --- Cleanup Finished ---
[2026-01-14 22:43:34] --- Manual Cleanup Started ---
[2026-01-14 22:43:34] Summary: 0 Layers, 0 Nodes, 0 Images cleaned.
[2026-01-14 22:43:34] --- Cleanup Finished ---
[2026-01-14 22:43:37] --- Manual Cleanup Started ---
[2026-01-14 22:43:37] Removed UV Layer 'BT_Bake_Temp_UV' from Object 'JunkObj'
[2026-01-14 22:43:37] Removed Protection Image 'BT_Protection_Dummy'
[2026-01-14 22:43:37] Summary: 1 Layers, 0 Nodes, 1 Images cleaned.
[2026-01-14 22:43:37] --- Cleanup Finished ---
[2026-01-14 22:43:37] --- Manual Cleanup Started ---
[2026-01-14 22:43:37] Summary: 0 Layers, 0 Nodes, 0 Images cleaned.
[2026-01-14 22:43:37] --- Cleanup Finished ---
[2026-01-14 22:48:21] --- Manual Cleanup Started ---
[2026-01-14 22:48:21] Removed UV Layer 'BT_Bake_Temp_UV' from Object 'JunkObj'
[2026-01-14 22:48:21] Removed Protection Image 'BT_Protection_Dummy'
[2026-01-14 22:48:21] Summary: 1 Layers, 0 Nodes, 1 Images cleaned.
[2026-01-14 22:48:21] --- Cleanup Finished ---
[2026-01-14 22:48:22] --- Manual Cleanup Started ---
[2026-01-14 22:48:22] Summary: 0 Layers, 0 Nodes, 0 Images cleaned.
[2026-01-14 22:48:22] --- Cleanup Finished ---
[2026-01-14 22:48:33] --- Manual Cleanup Started ---
[2026-01-14 22:48:33] Removed UV Layer 'BT_Bake_Temp_UV' from Object 'JunkObj'
[2026-01-14 22:48:33] Removed Protection Image 'BT_Protection_Dummy'
[2026-01-14 22:48:33] Summary: 1 Layers, 0 Nodes, 1 Images cleaned.
[2026-01-14 22:48:33] --- Cleanup Finished ---
[2026-01-14 22:48:33] --- Manual Cleanup Started ---
[2026-01-14 22:48:33] Summary: 0 Layers, 0 Nodes, 0 Images cleaned.
[2026-01-14 22:48:33] --- Cleanup Finished ---
[2026-01-14 22:48:43] --- Manual Cleanup Started ---
[2026-01-14 22:48:43] Removed UV Layer 'BT_Bake_Temp_UV' from Object 'JunkObj'
[2026-01-14 22:48:43] Removed Protection Image 'BT_Protection_Dummy'
[2026-01-14 22:48:43] Summary: 1 Layers, 0 Nodes, 1 Images cleaned.
[2026-01-14 22:48:43] --- Cleanup Finished ---
[2026-01-14 22:48:43] --- Manual Cleanup Started ---
[2026-01-14 22:48:43] Summary: 0 Layers, 0 Nodes, 0 Images cleaned.
[2026-01-14 22:48:43] --- Cleanup Finished ---
[2026-01-14 22:48:53] --- Manual Cleanup Started ---
[2026-01-14 22:48:53] Removed UV Layer 'BT_Bake_Temp_UV' from Object 'JunkObj'
[2026-01-14 22:48:53] Removed Protection Image 'BT_Protection_Dummy'
[2026-01-14 22:48:53] Summary: 1 Layers, 0 Nodes, 1 Images cleaned.
[2026-01-14 22:48:53] --- Cleanup Finished ---
[2026-01-14 22:48:53] --- Manual Cleanup Started ---
[2026-01-14 22:48:53] Summary: 0 Layers, 0 Nodes, 0 Images cleaned.
[2026-01-14 22:48:53] --- Cleanup Finished ---
